# JRE version: Java(TM) SE Runtime Environment (11.0.2+7) (build 11.0.2+7-LTS)
# Java VM: Java HotSpot(TM) 64-Bit Server VM (11.0.2+7-LTS, mixed mode, tiered, compressed oops, g1 gc, windows-amd64)
Heap:
 garbage-first heap   total 251904K, used 9930K [0x000000070a400000, 0x0000000800000000)
  region size 1024K, 3 young (3072K), 3 survivors (3072K)
 Metaspace       used 23235K, capacity 23953K, committed 24112K, reserved 1083392K
  class space    used 2760K, capacity 3084K, committed 3200K, reserved 1048576K
GC Heap History (8 events):
Event: 1.357 GC heap before
{Heap before GC invocations=0 (full 0):
 garbage-first heap   total 251904K, used 25600K [0x000000070a400000, 0x0000000800000000)
  region size 1024K, 24 young (24576K), 0 survivors (0K)
 Metaspace       used 13996K, capacity 14346K, committed 14464K, reserved 1062912K
  class space    used 1488K, capacity 1598K, committed 1664K, reserved 1048576K
}
Event: 1.363 GC heap after
{Heap after GC invocations=1 (full 0):
 garbage-first heap   total 251904K, used 7119K [0x000000070a400000, 0x0000000800000000)
  region size 1024K, 3 young (3072K), 3 survivors (3072K)
 Metaspace       used 13996K, capacity 14346K, committed 14464K, reserved 1062912K
  class space    used 1488K, capacity 1598K, committed 1664K, reserved 1048576K
}
Event: 1.778 GC heap before
{Heap before GC invocations=1 (full 0):
 garbage-first heap   total 251904K, used 28623K [0x000000070a400000, 0x0000000800000000)
  region size 1024K, 24 young (24576K), 3 survivors (3072K)
 Metaspace       used 17590K, capacity 18122K, committed 18432K, reserved 1064960K
  class space    used 1978K, capacity 2188K, committed 2304K, reserved 1048576K
}
Event: 1.784 GC heap after
{Heap after GC invocations=2 (full 0):
 garbage-first heap   total 251904K, used 8576K [0x000000070a400000, 0x0000000800000000)
  region size 1024K, 2 young (2048K), 2 survivors (2048K)
 Metaspace       used 17590K, capacity 18122K, committed 18432K, reserved 1064960K
  class space    used 1978K, capacity 2188K, committed 2304K, reserved 1048576K
}
Event: 1.966 GC heap before
{Heap before GC invocations=2 (full 0):
 garbage-first heap   total 251904K, used 28032K [0x000000070a400000, 0x0000000800000000)
  region size 1024K, 22 young (22528K), 2 survivors (2048K)
 Metaspace       used 20550K, capacity 21216K, committed 21552K, reserved 1069056K
  class space    used 2379K, capacity 2651K, committed 2688K, reserved 1048576K
}
Event: 1.970 GC heap after
{Heap after GC invocations=3 (full 0):
 garbage-first heap   total 251904K, used 9305K [0x000000070a400000, 0x0000000800000000)
  region size 1024K, 3 young (3072K), 3 survivors (3072K)
 Metaspace       used 20550K, capacity 21216K, committed 21552K, reserved 1069056K
  class space    used 2379K, capacity 2651K, committed 2688K, reserved 1048576K
}
Event: 2.103 GC heap before
{Heap before GC invocations=4 (full 0):
 garbage-first heap   total 251904K, used 26713K [0x000000070a400000, 0x0000000800000000)
  region size 1024K, 21 young (21504K), 3 survivors (3072K)
 Metaspace       used 23235K, capacity 23953K, committed 24112K, reserved 1081344K
  class space    used 2760K, capacity 3084K, committed 3200K, reserved 1048576K
}
Event: 2.107 GC heap after
{Heap after GC invocations=5 (full 0):
 garbage-first heap   total 251904K, used 9930K [0x000000070a400000, 0x0000000800000000)
  region size 1024K, 3 young (3072K), 3 survivors (3072K)
 Metaspace       used 23235K, capacity 23953K, committed 24112K, reserved 1081344K
  class space    used 2760K, capacity 3084K, committed 3200K, reserved 1048576K
}

